  % Total    % Received % Xferd  Average Speed   Time    Time     Time  Current
                                 Dload  Upload   Total   Spent    Left  Speed
  0     0    0     0    0     0      0      0 --:--:-- --:--:-- --:--:--     0*   Trying 3.138.187.168...
* TCP_NODELAY set
* Connected to ec2-3-138-187-168.us-east-2.compute.amazonaws.com (3.138.187.168) port 80 (#0)
> GET /static/js/bundle.js HTTP/1.1
> Host: ec2-3-138-187-168.us-east-2.compute.amazonaws.com
> User-Agent: curl/7.64.1
> Accept: */*
> Cookie: login=eyJ1c2VybmFtZSI6ImF3ZGVvcmlvIn0.YD3J2g.iQGAwy-PP-QDTtlmWLo25_o3NFA
> 
< HTTP/1.1 200 OK
< Server: nginx/1.18.0 (Ubuntu)
< Date: Tue, 02 Mar 2021 05:17:21 GMT
< Content-Type: application/javascript; charset=utf-8
< Content-Length: 1630136
< Connection: keep-alive
< Last-Modified: Tue, 02 Mar 2021 05:12:07 GMT
< Cache-Control: public, max-age=43200
< Expires: Tue, 02 Mar 2021 17:17:21 GMT
< ETag: "1614661927.3033812-1630136-3954186017"
< 
{ [14120 bytes data]
100 1591k  100 1591k    0     0  4990k      0 --:--:-- --:--:-- --:--:-- 5006k
* Connection #0 to host ec2-3-138-187-168.us-east-2.compute.amazonaws.com left intact
* Closing connection 0
