  % Total    % Received % Xferd  Average Speed   Time    Time     Time  Current
                                 Dload  Upload   Total   Spent    Left  Speed
  0     0    0     0    0     0      0      0 --:--:-- --:--:-- --:--:--     0*   Trying 3.138.187.168...
* TCP_NODELAY set
* Connected to ec2-3-138-187-168.us-east-2.compute.amazonaws.com (3.138.187.168) port 80 (#0)
> GET / HTTP/1.1
> Host: ec2-3-138-187-168.us-east-2.compute.amazonaws.com
> User-Agent: curl/7.64.1
> Accept: */*
> Cookie: login=eyJ1c2VybmFtZSI6ImF3ZGVvcmlvIn0.YD3J2g.iQGAwy-PP-QDTtlmWLo25_o3NFA
> 
< HTTP/1.1 200 OK
< Server: nginx/1.18.0 (Ubuntu)
< Date: Tue, 02 Mar 2021 05:16:39 GMT
< Content-Type: text/html; charset=utf-8
< Content-Length: 470
< Connection: keep-alive
< Vary: Cookie
< 
{ [470 bytes data]
100   470  100   470    0     0   5595      0 --:--:-- --:--:-- --:--:--  5595
* Connection #0 to host ec2-3-138-187-168.us-east-2.compute.amazonaws.com left intact
* Closing connection 0
